[0917/231520:ERROR:process_info.cc(608)] range at 0xb0c7386000000000, size 0x15e fully unreadable
[0917/231521:ERROR:process_info.cc(608)] range at 0xb0c738c000000000, size 0x15e fully unreadable
[0917/231521:ERROR:process_info.cc(608)] range at 0x0, size 0x15e fully unreadable
[0917/231524:WARNING:in_range_cast.h(38)] value 1506204503630 out of range
[0917/231524:WARNING:in_range_cast.h(38)] value 1506204501164 out of range
[0917/231524:WARNING:in_range_cast.h(38)] value 1506204503670 out of range
[0917/231524:WARNING:in_range_cast.h(38)] value 1506204503066 out of range
[0917/231524:WARNING:in_range_cast.h(38)] value 1506204901632 out of range
[0917/231529:ERROR:process_reader_win.cc(233)] ReadMemory at 0x39036ea000 of 90112 bytes failed: Only part of a ReadProcessMemory or WriteProcessMemory request was completed. (0x12B)
[0917/231529:ERROR:crash_report_exception_handler.cc(102)] WriteEverything failed
[0917/231529:ERROR:scoped_process_suspend.cc(38)] NtResumeProcess, ntstatus=-1073741558
[0919/151511:ERROR:process_info.cc(608)] range at 0xd36f34b400000000, size 0x119 fully unreadable
[0919/151511:ERROR:process_info.cc(608)] range at 0xd36f34d400000000, size 0x119 fully unreadable
[0919/151511:ERROR:process_info.cc(608)] range at 0x0, size 0x119 fully unreadable
[0919/151518:WARNING:in_range_cast.h(38)] value 1210433082968 out of range
[0919/151518:WARNING:in_range_cast.h(38)] value 1210433080502 out of range
[0919/151518:WARNING:in_range_cast.h(38)] value 1210433083008 out of range
[0919/151518:WARNING:in_range_cast.h(38)] value 1210433082404 out of range
[0919/151518:WARNING:in_range_cast.h(38)] value 1210434094240 out of range
[0919/151518:WARNING:in_range_cast.h(38)] value 1210476201520 out of range
